2026-01-19T05:58:08.925Z [32minfo[39m: GET /
2026-01-19T05:58:10.736Z [32minfo[39m: GET /
2026-01-19T05:58:20.681Z [32minfo[39m: GET /about/error
2026-01-26T04:43:04.087Z [32minfo[39m: GET /api/products
2026-01-26T04:43:42.229Z [32minfo[39m: GET /
2026-01-26T04:43:42.419Z [32minfo[39m: GET /favicon.ico
2026-01-26T04:44:46.952Z [32minfo[39m: GET /api/products
2026-01-26T04:45:41.194Z [32minfo[39m: POST /api/products/add
2026-01-26T04:45:57.112Z [32minfo[39m: POST /api/products/add
2026-01-26T04:46:42.511Z [32minfo[39m: POST /api/products/add
2026-01-26T04:46:54.776Z [32minfo[39m: GET /api/products
2026-01-26T04:48:47.195Z [32minfo[39m: POST /api/products/add
2026-01-26T04:48:55.307Z [32minfo[39m: GET /api/products
2026-01-26T04:48:57.747Z [32minfo[39m: GET /api/products
2026-01-26T04:49:01.403Z [32minfo[39m: GET /api/products
2026-01-26T04:49:01.803Z [32minfo[39m: GET /api/products
2026-01-26T04:49:02.002Z [32minfo[39m: GET /api/products
2026-01-26T04:52:41.769Z [32minfo[39m: POST /api/products/add
2026-01-26T04:52:52.800Z [32minfo[39m: GET /api/products
2026-01-26T04:52:53.106Z [32minfo[39m: GET /api/products
2026-01-26T04:52:53.514Z [32minfo[39m: GET /api/products
2026-01-26T04:53:02.787Z [32minfo[39m: GET /api/products
2026-01-26T04:53:03.024Z [32minfo[39m: GET /api/products
2026-01-26T04:53:03.233Z [32minfo[39m: GET /api/products
2026-01-26T04:53:03.443Z [32minfo[39m: GET /api/products
2026-01-26T04:53:29.808Z [32minfo[39m: POST /api/products/add
2026-01-26T05:08:32.983Z [32minfo[39m: PUT /api/products/6976f22fca848ec1a9aed657
2026-01-26T05:09:07.096Z [32minfo[39m: PUT /api/products/6976f22fca848ec1a9aed657
2026-01-26T05:09:09.623Z [32minfo[39m: PUT /api/products/6976f22fca848ec1a9aed657
2026-01-26T05:09:11.013Z [32minfo[39m: PUT /api/products/6976f22fca848ec1a9aed657
2026-01-26T05:10:13.701Z [32minfo[39m: PUT /api/products/6976f22fca848ec1a9aed657
2026-01-26T05:11:56.186Z [32minfo[39m: GET /api/products/6976f1b24c65ce3465801282
2026-01-26T05:14:07.471Z [32minfo[39m: DELETE /api/products/6976f319ca848ec1a9aed65e
2026-01-26T05:17:33.433Z [32minfo[39m: DELETE /api/products/6976f319ca848ec1a9aed65e
2026-01-26T05:17:52.156Z [32minfo[39m: GET /api/products
2026-01-26T05:17:52.867Z [32minfo[39m: GET /api/products
2026-01-26T05:18:09.777Z [32minfo[39m: DELETE /api/products/6976f7351c381466ccd9a8f3
2026-01-26T05:18:12.243Z [32minfo[39m: GET /api/products
2026-01-26T05:18:28.113Z [32minfo[39m: DELETE /api/products/6976f7351c381466ccd9a8f3
2026-01-26T05:18:35.105Z [32minfo[39m: DELETE /api/products/6976f7351c381466ccd9a8f3
2026-01-26T05:18:35.711Z [32minfo[39m: DELETE /api/products/6976f7351c381466ccd9a8f3
2026-01-26T05:18:36.616Z [32minfo[39m: DELETE /api/products/6976f7351c381466ccd9a8f3
2026-01-26T05:18:38.707Z [32minfo[39m: GET /api/products
2026-01-26T05:19:00.264Z [32minfo[39m: DELETE /api/product/6976f7351c381466ccd9a8f3
2026-01-26T05:19:18.205Z [32minfo[39m: DELETE /api/products/6976f7351c381466ccd9a8f3
2026-01-26T05:19:21.219Z [32minfo[39m: GET /api/products
2026-01-26T05:24:15.008Z [32minfo[39m: GET /api/products?findeca
2026-01-26T05:24:29.619Z [32minfo[39m: GET /api/products?findeca
2026-01-26T05:24:49.841Z [32minfo[39m: GET /api/products?find=thurd
2026-01-26T05:24:57.526Z [32minfo[39m: GET /api/products?find=thurd
2026-01-26T05:24:58.785Z [32minfo[39m: GET /api/products?find=thurd
2026-01-26T05:24:59.040Z [32minfo[39m: GET /api/products?find=thurd
2026-01-26T05:24:59.233Z [32minfo[39m: GET /api/products?find=thurd
2026-01-26T05:25:28.273Z [32minfo[39m: GET /api/products?findpers
2026-01-26T05:26:27.887Z [32minfo[39m: GET /api/products?findpers
2026-01-26T05:26:38.253Z [32minfo[39m: GET /api/products?find=pers
2026-01-26T05:26:43.059Z [32minfo[39m: GET /api/products?find=pers
2026-01-26T05:26:43.571Z [32minfo[39m: GET /api/products?find=pers
2026-01-26T05:26:43.779Z [32minfo[39m: GET /api/products?find=pers
2026-01-26T05:26:43.955Z [32minfo[39m: GET /api/products?find=pers
2026-01-26T05:26:44.155Z [32minfo[39m: GET /api/products?find=pers
2026-01-26T05:26:44.339Z [32minfo[39m: GET /api/products?find=pers
2026-01-26T05:26:51.764Z [32minfo[39m: GET /api/products?find=pers
2026-01-26T05:26:58.119Z [32minfo[39m: GET /api/products?findpers
2026-01-26T05:27:05.370Z [32minfo[39m: GET /api/products?find=usom
2026-01-26T05:27:10.025Z [32minfo[39m: GET /api/products?find=usom
2026-01-26T05:28:51.536Z [32minfo[39m: GET /api/products?find=thurd
2026-01-26T05:28:52.297Z [32minfo[39m: GET /api/products?find=thurd
2026-01-26T05:29:08.522Z [32minfo[39m: GET /api/products?find=sicand
2026-01-26T05:33:53.771Z [32minfo[39m: GET /api/products?find=sicand
2026-01-26T05:33:56.092Z [32minfo[39m: GET /api/products?find=sicand
2026-01-26T05:34:00.662Z [32minfo[39m: GET /api/products?find=sicand
2026-01-26T05:34:00.976Z [32minfo[39m: GET /api/products?find=sicand
2026-01-26T05:34:01.819Z [32minfo[39m: GET /api/products?find=sicand
2026-01-26T05:34:02.074Z [32minfo[39m: GET /api/products?find=sicand
2026-01-26T05:34:18.493Z [32minfo[39m: GET /api/products?find=sicand
2026-01-26T05:34:18.819Z [32minfo[39m: GET /api/products?find=sicand
2026-01-26T05:34:19.009Z [32minfo[39m: GET /api/products?find=sicand
2026-01-26T05:34:19.176Z [32minfo[39m: GET /api/products?find=sicand
2026-01-26T05:34:19.393Z [32minfo[39m: GET /api/products?find=sicand
2026-01-26T05:34:19.580Z [32minfo[39m: GET /api/products?find=sicand
2026-01-26T05:34:19.772Z [32minfo[39m: GET /api/products?find=sicand
2026-01-26T05:34:24.519Z [32minfo[39m: GET /api/products?find=pers
2026-01-26T05:38:14.124Z [32minfo[39m: GET /api/products?find=pers
2026-01-26T05:38:15.057Z [32minfo[39m: GET /api/products?find=pers
2026-01-26T05:38:24.309Z [32minfo[39m: GET /api/products?find=thurd
2026-01-26T05:38:27.461Z [32minfo[39m: GET /api/products?find=thurd
2026-01-26T05:38:35.774Z [32minfo[39m: GET /api/products?findthurds
2026-01-26T05:38:51.974Z [32minfo[39m: GET /api/products?findthurds
2026-01-26T05:38:58.384Z [32minfo[39m: GET /api/products
2026-01-26T05:39:01.458Z [32minfo[39m: GET /api/products
2026-01-26T05:39:10.473Z [32minfo[39m: GET /api/products
2026-01-26T05:39:10.689Z [32minfo[39m: GET /api/products
2026-01-26T05:39:10.889Z [32minfo[39m: GET /api/products
2026-01-26T05:39:11.081Z [32minfo[39m: GET /api/products
2026-01-26T05:39:11.280Z [32minfo[39m: GET /api/products
2026-01-26T05:39:33.851Z [32minfo[39m: GET /api/products
2026-01-26T05:39:45.007Z [32minfo[39m: GET /api/productsfind=thurd
2026-01-26T05:40:18.302Z [32minfo[39m: GET /api/products?find=pers
2026-01-26T05:42:03.663Z [32minfo[39m: GET /api/products
2026-01-26T05:42:06.512Z [32minfo[39m: GET /api/products?find=pers
2026-01-26T05:42:10.809Z [32minfo[39m: GET /api/products?find=
2026-01-26T05:42:21.440Z [32minfo[39m: GET /api/products?find=www
2026-01-26T05:42:39.009Z [32minfo[39m: GET /api/products?find=thurd
